2025-06-07 15:26:46,726 - responder - INFO - Base de datos inicializada en /app/database/responder.db
2025-06-07 15:26:46,726 - responder - INFO - Iniciando monitoreo de eventos nuevos (desde 2025-06-07T15:26:46.726602)
2025-06-07 15:26:46,726 - responder - INFO - Monitoreando archivo: /var/log/suricata/eve.json
2025-06-07 15:26:46,726 - responder - INFO - Posici贸n inicial del archivo: 45265
2025-06-07 15:26:46,749 - responder - INFO - Observer iniciado: vigilando /var/log/suricata/eve.json
2025-06-07 15:26:46,756 - responder - INFO - Servidor Flask iniciado en el puerto 5000
2025-06-07 15:26:46,776 - werkzeug - WARNING -  * Running on all addresses.
   WARNING: This is a development server. Do not use it in a production deployment.
2025-06-07 15:26:46,776 - werkzeug - INFO -  * Running on http://10.0.2.15:5000/ (Press CTRL+C to quit)
2025-06-07 15:33:19,960 - responder - INFO - Base de datos inicializada en /app/database/responder.db
2025-06-07 15:33:19,962 - responder - INFO - Iniciando monitoreo de eventos nuevos (desde 2025-06-07T15:33:19.961968)
2025-06-07 15:33:19,966 - responder - INFO - Monitoreando archivo: /var/log/suricata/eve.json
2025-06-07 15:33:19,968 - responder - INFO - Posici贸n inicial del archivo: 45265
2025-06-07 15:33:19,984 - responder - INFO - Observer iniciado: vigilando /var/log/suricata/eve.json
2025-06-07 15:33:20,010 - responder - INFO - Servidor Flask iniciado en el puerto 5000
2025-06-07 15:33:20,023 - werkzeug - WARNING -  * Running on all addresses.
   WARNING: This is a development server. Do not use it in a production deployment.
2025-06-07 15:33:20,030 - werkzeug - INFO -  * Running on http://10.0.2.15:5000/ (Press CTRL+C to quit)
2025-06-07 15:38:08,791 - responder - INFO - Base de datos inicializada en /app/database/responder.db
2025-06-07 15:38:08,791 - responder - INFO - Iniciando monitoreo de eventos nuevos (desde 2025-06-07T15:38:08.791751)
2025-06-07 15:38:08,791 - responder - INFO - Monitoreando archivo: /var/log/suricata/eve.json
2025-06-07 15:38:08,792 - responder - INFO - Posici贸n inicial del archivo: 45265
2025-06-07 15:38:08,797 - responder - INFO - Observer iniciado: vigilando /var/log/suricata/eve.json
2025-06-07 15:38:08,798 - responder - INFO - Servidor Flask iniciado en el puerto 5000
2025-06-07 15:38:08,807 - werkzeug - WARNING -  * Running on all addresses.
   WARNING: This is a development server. Do not use it in a production deployment.
2025-06-07 15:38:08,808 - werkzeug - INFO -  * Running on http://10.0.2.15:5000/ (Press CTRL+C to quit)
2025-06-07 15:50:28,005 - responder - INFO - Base de datos inicializada en /app/database/responder.db
2025-06-07 15:50:28,006 - responder - INFO - Iniciando monitoreo de eventos nuevos (desde 2025-06-07T15:50:28.006171)
2025-06-07 15:50:28,006 - responder - INFO - Monitoreando archivo: /var/log/suricata/eve.json
2025-06-07 15:50:28,006 - responder - INFO - Posici贸n inicial del archivo: 45265
2025-06-07 15:50:28,020 - responder - INFO - Observer iniciado: vigilando /var/log/suricata/eve.json
2025-06-07 15:50:28,034 - responder - INFO - Servidor Flask iniciado en el puerto 5000
2025-06-07 15:50:28,054 - werkzeug - WARNING -  * Running on all addresses.
   WARNING: This is a development server. Do not use it in a production deployment.
2025-06-07 15:50:28,056 - werkzeug - INFO -  * Running on http://10.0.2.15:5000/ (Press CTRL+C to quit)
