[1 - Suricata-Main] 2025-06-05 17:05:06 Notice: suricata: This is Suricata version 7.0.10 RELEASE running in SYSTEM mode
[1 - Suricata-Main] 2025-06-05 17:05:06 Info: cpu: CPUs/cores online: 4
[1 - Suricata-Main] 2025-06-05 17:05:06 Info: suricata: Setting engine mode to IDS mode by default
[1 - Suricata-Main] 2025-06-05 17:05:06 Info: app-layer-ftp: Parsed disabled for ftp protocol. Protocol detectionstill on.
[1 - Suricata-Main] 2025-06-05 17:05:06 Info: app-layer-smtp: Protocol detection and parser disabled for smtp protocol.
[1 - Suricata-Main] 2025-06-05 17:05:06 Info: suricata: No 'host-mode': suricata is in IDS mode, using default setting 'sniffer-only'
[1 - Suricata-Main] 2025-06-05 17:05:06 Info: logopenfile: eve-log output device (regular) initialized: /var/log/suricata/eve.json
[1 - Suricata-Main] 2025-06-05 17:05:06 Info: detect: 1 rule files processed. 11 rules successfully loaded, 0 rules failed, 0
[1 - Suricata-Main] 2025-06-05 17:05:06 Info: threshold-config: Threshold config parsed: 0 rule(s) found
[1 - Suricata-Main] 2025-06-05 17:05:06 Info: detect: 11 signatures processed. 1 are IP-only rules, 2 are inspecting packet payload, 1 inspect application layer, 0 are decoder event only
[1 - Suricata-Main] 2025-06-05 17:05:06 Warning: detect: rule 1000011: SYN-only to port(s) 80:80 w/o direction specified, disabling for toclient direction
[1 - Suricata-Main] 2025-06-05 17:05:07 Info: runmodes: eth0: creating 4 threads
[7 - W#01-eth0] 2025-06-05 17:05:07 Info: ioctl: eth0: MTU 1500
[8 - W#02-eth0] 2025-06-05 17:05:07 Info: ioctl: eth0: MTU 1500
[9 - W#03-eth0] 2025-06-05 17:05:07 Info: ioctl: eth0: MTU 1500
[10 - W#04-eth0] 2025-06-05 17:05:07 Info: ioctl: eth0: MTU 1500
[1 - Suricata-Main] 2025-06-05 17:05:07 Notice: threads: Threads created -> W: 4 FM: 1 FR: 1   Engine started.
[1 - Suricata-Main] 2025-06-05 17:08:01 Notice: suricata: This is Suricata version 7.0.10 RELEASE running in SYSTEM mode
[1 - Suricata-Main] 2025-06-05 17:08:01 Info: cpu: CPUs/cores online: 4
[1 - Suricata-Main] 2025-06-05 17:08:01 Info: suricata: Setting engine mode to IDS mode by default
[1 - Suricata-Main] 2025-06-05 17:08:01 Info: app-layer-ftp: Parsed disabled for ftp protocol. Protocol detectionstill on.
[1 - Suricata-Main] 2025-06-05 17:08:01 Info: app-layer-smtp: Protocol detection and parser disabled for smtp protocol.
[1 - Suricata-Main] 2025-06-05 17:08:01 Info: suricata: No 'host-mode': suricata is in IDS mode, using default setting 'sniffer-only'
[1 - Suricata-Main] 2025-06-05 17:08:01 Info: logopenfile: eve-log output device (regular) initialized: /var/log/suricata/eve.json
[1 - Suricata-Main] 2025-06-05 17:08:01 Info: detect: 1 rule files processed. 11 rules successfully loaded, 0 rules failed, 0
[1 - Suricata-Main] 2025-06-05 17:08:01 Info: threshold-config: Threshold config parsed: 0 rule(s) found
[1 - Suricata-Main] 2025-06-05 17:08:01 Info: detect: 11 signatures processed. 1 are IP-only rules, 2 are inspecting packet payload, 1 inspect application layer, 0 are decoder event only
[1 - Suricata-Main] 2025-06-05 17:08:01 Warning: detect: rule 1000011: SYN-only to port(s) 80:80 w/o direction specified, disabling for toclient direction
[1 - Suricata-Main] 2025-06-05 17:08:02 Info: runmodes: eth0: creating 4 threads
[7 - W#01-eth0] 2025-06-05 17:08:02 Info: ioctl: eth0: MTU 1500
[8 - W#02-eth0] 2025-06-05 17:08:02 Info: ioctl: eth0: MTU 1500
[9 - W#03-eth0] 2025-06-05 17:08:02 Info: ioctl: eth0: MTU 1500
[10 - W#04-eth0] 2025-06-05 17:08:02 Info: ioctl: eth0: MTU 1500
[1 - Suricata-Main] 2025-06-05 17:08:02 Notice: threads: Threads created -> W: 4 FM: 1 FR: 1   Engine started.
[1 - Suricata-Main] 2025-06-05 17:09:41 Notice: suricata: Signal Received.  Stopping engine.
[1 - Suricata-Main] 2025-06-05 17:09:41 Info: suricata: time elapsed 99.604s
[1 - Suricata-Main] 2025-06-05 17:09:42 Notice: device: eth0: packets: 87, drops: 0 (0.00%), invalid chksum: 0
[1 - Suricata-Main] 2025-06-05 17:09:44 Notice: suricata: This is Suricata version 7.0.10 RELEASE running in SYSTEM mode
[1 - Suricata-Main] 2025-06-05 17:09:44 Info: cpu: CPUs/cores online: 4
[1 - Suricata-Main] 2025-06-05 17:09:44 Info: suricata: Setting engine mode to IDS mode by default
[1 - Suricata-Main] 2025-06-05 17:09:44 Info: app-layer-ftp: Parsed disabled for ftp protocol. Protocol detectionstill on.
[1 - Suricata-Main] 2025-06-05 17:09:44 Info: app-layer-smtp: Protocol detection and parser disabled for smtp protocol.
[1 - Suricata-Main] 2025-06-05 17:09:44 Info: suricata: No 'host-mode': suricata is in IDS mode, using default setting 'sniffer-only'
[1 - Suricata-Main] 2025-06-05 17:09:44 Info: logopenfile: eve-log output device (regular) initialized: /var/log/suricata/eve.json
[1 - Suricata-Main] 2025-06-05 17:09:44 Info: detect: 1 rule files processed. 11 rules successfully loaded, 0 rules failed, 0
[1 - Suricata-Main] 2025-06-05 17:09:44 Info: threshold-config: Threshold config parsed: 0 rule(s) found
[1 - Suricata-Main] 2025-06-05 17:09:44 Info: detect: 11 signatures processed. 1 are IP-only rules, 2 are inspecting packet payload, 1 inspect application layer, 0 are decoder event only
[1 - Suricata-Main] 2025-06-05 17:09:44 Warning: detect: rule 1000011: SYN-only to port(s) 80:80 w/o direction specified, disabling for toclient direction
[1 - Suricata-Main] 2025-06-05 17:09:44 Info: runmodes: eth0: creating 4 threads
[7 - W#01-eth0] 2025-06-05 17:09:45 Info: ioctl: eth0: MTU 1500
[8 - W#02-eth0] 2025-06-05 17:09:45 Info: ioctl: eth0: MTU 1500
[9 - W#03-eth0] 2025-06-05 17:09:45 Info: ioctl: eth0: MTU 1500
[10 - W#04-eth0] 2025-06-05 17:09:45 Info: ioctl: eth0: MTU 1500
[1 - Suricata-Main] 2025-06-05 17:09:45 Notice: threads: Threads created -> W: 4 FM: 1 FR: 1   Engine started.
[1 - Suricata-Main] 2025-06-05 17:12:30 Notice: suricata: This is Suricata version 7.0.10 RELEASE running in SYSTEM mode
[1 - Suricata-Main] 2025-06-05 17:12:30 Info: cpu: CPUs/cores online: 4
[1 - Suricata-Main] 2025-06-05 17:12:30 Info: suricata: Setting engine mode to IDS mode by default
[1 - Suricata-Main] 2025-06-05 17:12:30 Info: app-layer-ftp: Parsed disabled for ftp protocol. Protocol detectionstill on.
[1 - Suricata-Main] 2025-06-05 17:12:30 Info: app-layer-smtp: Protocol detection and parser disabled for smtp protocol.
[1 - Suricata-Main] 2025-06-05 17:12:30 Info: suricata: No 'host-mode': suricata is in IDS mode, using default setting 'sniffer-only'
[1 - Suricata-Main] 2025-06-05 17:12:30 Info: logopenfile: eve-log output device (regular) initialized: /var/log/suricata/eve.json
[1 - Suricata-Main] 2025-06-05 17:12:30 Info: detect: 1 rule files processed. 11 rules successfully loaded, 0 rules failed, 0
[1 - Suricata-Main] 2025-06-05 17:12:30 Info: threshold-config: Threshold config parsed: 0 rule(s) found
[1 - Suricata-Main] 2025-06-05 17:12:30 Info: detect: 11 signatures processed. 1 are IP-only rules, 2 are inspecting packet payload, 1 inspect application layer, 0 are decoder event only
[1 - Suricata-Main] 2025-06-05 17:12:30 Warning: detect: rule 1000011: SYN-only to port(s) 80:80 w/o direction specified, disabling for toclient direction
[1 - Suricata-Main] 2025-06-05 17:12:30 Info: runmodes: eth0: creating 4 threads
[7 - W#01-eth0] 2025-06-05 17:12:30 Info: ioctl: eth0: MTU 1500
[8 - W#02-eth0] 2025-06-05 17:12:30 Info: ioctl: eth0: MTU 1500
[9 - W#03-eth0] 2025-06-05 17:12:30 Info: ioctl: eth0: MTU 1500
[10 - W#04-eth0] 2025-06-05 17:12:30 Info: ioctl: eth0: MTU 1500
[1 - Suricata-Main] 2025-06-05 17:12:30 Notice: threads: Threads created -> W: 4 FM: 1 FR: 1   Engine started.
[1 - Suricata-Main] 2025-06-05 17:18:07 Notice: suricata: Signal Received.  Stopping engine.
[1 - Suricata-Main] 2025-06-05 17:18:08 Info: suricata: time elapsed 337.913s
[1 - Suricata-Main] 2025-06-05 17:18:09 Notice: device: eth0: packets: 6560, drops: 0 (0.00%), invalid chksum: 0
[1 - Suricata-Main] 2025-06-05 17:18:11 Notice: suricata: This is Suricata version 7.0.10 RELEASE running in SYSTEM mode
[1 - Suricata-Main] 2025-06-05 17:18:11 Info: cpu: CPUs/cores online: 4
[1 - Suricata-Main] 2025-06-05 17:18:11 Info: suricata: Setting engine mode to IDS mode by default
[1 - Suricata-Main] 2025-06-05 17:18:11 Info: a[1 - Suricata-Main] 2025-06-05 17:19:09 Notice: suricata: This is Suricata version 7.0.10 RELEASE running in SYSTEM mode
[1 - Suricata-Main] 2025-06-05 17:19:09 Info: cpu: CPUs/cores online: 4
[1 - Suricata-Main] 2025-06-05 17:19:09 Info: suricata: Setting engine mode to IDS mode by default
[1 - Suricata-Main] 2025-06-05 17:19:09 Info: app-layer-ftp: Parsed disabled for ftp protocol. Protocol detectionstill on.
[1 - Suricata-Main] 2025-06-05 17:19:09 Info: app-layer-smtp: Protocol detection and parser disabled for smtp protocol.
[1 - Suricata-Main] 2025-06-05 17:19:09 Info: suricata: No 'host-mode': suricata is in IDS mode, using default setting 'sniffer-only'
[1 - Suricata-Main] 2025-06-05 17:19:09 Info: logopenfile: eve-log output device (regular) initialized: /var/log/suricata/eve.json
[1 - Suricata-Main] 2025-06-05 17:19:09 Info: detect: 1 rule files processed. 11 rules successfully loaded, 0 rules failed, 0
[1 - Suricata-Main] 2025-06-05 17:19:09 Info: threshold-config: Threshold config parsed: 0 rule(s) found
[1 - Suricata-Main] 2025-06-05 17:19:09 Info: detect: 11 signatures processed. 1 are IP-only rules, 2 are inspecting packet payload, 1 inspect application layer, 0 are decoder event only
[1 - Suricata-Main] 2025-06-05 17:19:09 Warning: detect: rule 1000011: SYN-only to port(s) 80:80 w/o direction specified, disabling for toclient direction
[1 - Suricata-Main] 2025-06-05 17:19:09 Info: runmodes: eth0: creating 4 threads
[6 - W#01-eth0] 2025-06-05 17:19:09 Info: ioctl: eth0: MTU 1500
[7 - W#02-eth0] 2025-06-05 17:19:10 Info: ioctl: eth0: MTU 1500
[8 - W#03-eth0] 2025-06-05 17:19:10 Info: ioctl: eth0: MTU 1500
[9 - W#04-eth0] 2025-06-05 17:19:10 Info: ioctl: eth0: MTU 1500
[1 - Suricata-Main] 2025-06-05 17:19:10 Notice: threads: Threads created -> W: 4 FM: 1 FR: 1   Engine started.
[1 - Suricata-Main] 2025-06-05 17:20:25 Notice: suricata: Signal Received.  Stopping engine.
[1 - Suricata-Main] 2025-06-05 17:20:26 Info: suricata: time elapsed 76.391s
[1 - Suricata-Main] 2025-06-05 17:20:27 Notice: device: eth0: packets: 59, drops: 0 (0.00%), invalid chksum: 0
[1 - Suricata-Main] 2025-06-05 17:20:28 Notice: suricata: This is Suricata version 7.0.10 RELEASE running in SYSTEM mode
[1 - Suricata-Main] 2025-06-05 17:20:28 Info: cpu: CPUs/cores online: 4
[1 - Suricata-Main] 2025-06-05 17:20:28 Info: suricata: Setting engine mode to IDS mode by default
[1 - Suricata-Main] 2025-06-05 17:20:28 Info: app-layer-ftp: Parsed disabled for ftp protocol. Protocol detectionstill on.
[1 - Suricata-Main] 2025-06-05 17:20:28 Info: app-layer-smtp: Protocol detection and parser disabled for smtp protocol.
[1 - Suricata-Main] 2025-06-05 17:20:28 Info: suricata: No 'host-mode': suricata is in IDS mode, using default setting 'sniffer-only'
[1 - Suricata-Main] 2025-06-05 17:20:28 Info: logopenfile: eve-log output device (regular) initialized: /var/log/suricata/eve.json
[1 - Suricata-Main] 2025-06-05 17:20:28 Info: detect: 1 rule files processed. 11 rules successfully loaded, 0 rules failed, 0
[1 - Suricata-Main] 2025-06-05 17:20:28 Info: threshold-config: Threshold config parsed: 0 rule(s) found
[1 - Suricata-Main] 2025-06-05 17:20:28 Info: detect: 11 signatures processed. 1 are IP-only rules, 2 are inspecting packet payload, 1 inspect application layer, 0 are decoder event only
[1 - Suricata-Main] 2025-06-05 17:20:28 Warning: detect: rule 1000011: SYN-only to port(s) 80:80 w/o direction specified, disabling for toclient direction
[1 - Suricata-Main] 2025-06-05 17:20:29 Info: runmodes: eth0: creating 4 threads
[7 - W#01-eth0] 2025-06-05 17:20:29 Info: ioctl: eth0: MTU 1500
[8 - W#02-eth0] 2025-06-05 17:20:29 Info: ioctl: eth0: MTU 1500
[9 - W#03-eth0] 2025-06-05 17:20:29 Info: ioctl: eth0: MTU 1500
[10 - W#04-eth0] 2025-06-05 17:20:29 Info: ioctl: eth0: MTU 1500
[1 - Suricata-Main] 2025-06-05 17:20:29 Notice: threads: Threads created -> W: 4 FM: 1 FR: 1   Engine started.
[1 - Suricata-Main] 2025-06-05 17:21:43 Notice: suricata: Signal Received.  Stopping engine.
[1 - Suricata-Main] 2025-06-05 17:21:43 Info: suricata: time elapsed 74.949s
[1 - Suricata-Main] 2025-06-05 17:21:45 Notice: device: eth0: packets: 50597, drops: 2320 (4.59%), invalid chksum: 0
[1 - Suricata-Main] 2025-06-05 17:21:45 Notice: suricata: This is Suricata version 7.0.10 RELEASE running in SYSTEM mode
[1 - Suricata-Main] 2025-06-05 17:21:45 Info: cpu: CPUs/cores online: 4
[1 - Suricata-Main] 2025-06-05 17:21:46 Info: suricata: Setting engine mode to IDS mode by default
[1 - Suricata-Main] 2025-06-05 17:21:46 Info: app-layer-ftp: Parsed disabled for ftp protocol. Protocol detectionstill on.
[1 - Suricata-Main] 2025-06-05 17:21:46 Info: app-layer-smtp: Protocol detection and parser disabled for smtp protocol.
[1 - Suricata-Main] 2025-06-05 17:21:46 Info: suricata: No 'host-mode': suricata is in IDS mode, using default setting 'sniffer-only'
[1 - Suricata-Main] 2025-06-05 17:21:46 Info: logopenfile: eve-log output device (regular) initialized: /var/log/suricata/eve.json
[1 - Suricata-Main] 2025-06-05 17:21:46 Info: detect: 1 rule files processed. 11 rules successfully loaded, 0 rules failed, 0
[1 - Suricata-Main] 2025-06-05 17:21:46 Info: threshold-config: Threshold config parsed: 0 rule(s) found
[1 - Suricata-Main] 2025-06-05 17:21:46 Info: detect: 11 signatures processed. 1 are IP-only rules, 2 are inspecting packet payload, 1 inspect application layer, 0 are decoder event only
[1 - Suricata-Main] 2025-06-05 17:21:46 Warning: detect: rule 1000011: SYN-only to port(s) 80:80 w/o direction specified, disabling for toclient direction
[1 - Suricata-Main] 2025-06-05 17:21:46 Info: runmodes: eth0: creating 4 threads
[7 - W#01-eth0] 2025-06-05 17:21:46 Info: ioctl: eth0: MTU 1500
[8 - W#02-eth0] 2025-06-05 17:21:46 Info: ioctl: eth0: MTU 1500
[9 - W#03-eth0] 2025-06-05 17:21:46 Info: ioctl: eth0: MTU 1500
[10 - W#04-eth0] 2025-06-05 17:21:46 Info: ioctl: eth0: MTU 1500
[1 - Suricata-Main] 2025-06-05 17:21:46 Notice: threads: Threads created -> W: 4 FM: 1 FR: 1   Engine started.
[1 - Suricata-Main] 2025-06-05 17:23:17 Notice: suricata: This is Suricata version 7.0.10 RELEASE running in SYSTEM mode
[1 - Suricata-Main] 2025-06-05 17:23:17 Info: cpu: CPUs/cores online: 4
[1 - Suricata-Main] 2025-06-05 17:23:17 Info: suricata: Setting engine mode to IDS mode by default
[1 - Suricata-Main] 2025-06-05 17:23:18 Info: app-layer-ftp: Parsed disabled for ftp protocol. Protocol detectionstill on.
[1 - Suricata-Main] 2025-06-05 17:23:18 Info: app-layer-smtp: Protocol detection and parser disabled for smtp protocol.
[1 - Suricata-Main] 2025-06-05 17:23:18 Info: suricata: No 'host-mode': suricata is in IDS mode, using default setting 'sniffer-only'
[1 - Suricata-Main] 2025-06-05 17:23:18 Info: logopenfile: eve-log output device (regular) initialized: /var/log/suricata/eve.json
[1 - Suricata-Main] 2025-06-05 17:23:18 Info: detect: 1 rule files processed. 11 rules successfully loaded, 0 rules failed, 0
[1 - Suricata-Main] 2025-06-05 17:23:18 Info: threshold-config: Threshold config parsed: 0 rule(s) found
[1 - Suricata-Main] 2025-06-05 17:23:18 Info: detect: 11 signatures processed. 1 are IP-only rules, 2 are inspecting packet payload, 1 inspect application layer, 0 are decoder event only
[1 - Suricata-Main] 2025-06-05 17:23:18 Warning: detect: rule 1000011: SYN-only to port(s) 80:80 w/o direction specified, disabling for toclient direction
[1 - Suricata-Main] 2025-06-05 17:23:18 Info: runmodes: eth0: creating 4 threads
[7 - W#01-eth0] 2025-06-05 17:23:18 Info: ioctl: eth0: MTU 1500
[8 - W#02-eth0] 2025-06-05 17:23:18 Info: ioctl: eth0: MTU 1500
[9 - W#03-eth0] 2025-06-05 17:23:18 Info: ioctl: eth0: MTU 1500
[10 - W#04-eth0] 2025-06-05 17:23:18 Info: ioctl: eth0: MTU 1500
[1 - Suricata-Main] 2025-06-05 17:23:18 Notice: threads: Threads created -> W: 4 FM: 1 FR: 1   Engine started.
[1 - Suricata-Main] 2025-06-05 17:34:22 Notice: suricata: Signal Received.  Stopping engine.
[1 - Suricata-Main] 2025-06-05 17:34:22 Info: suricata: time elapsed 663.883s
[1 - Suricata-Main] 2025-06-05 17:34:23 Notice: device: eth0: packets: 17650, drops: 10 (0.06%), invalid chksum: 0
[1 - Suricata-Main] 2025-06-05 17:34:31 Notice: suricata: This is Suricata version 7.0.10 RELEASE running in SYSTEM mode
[1 - Suricata-Main] 2025-06-05 17:34:31 Info: cpu: CPUs/cores online: 4
[1 - Suricata-Main] 2025-06-05 17:34:31 Info: suricata: Setting engine mode to IDS mode by default
[1 - Suricata-Main] 2025-06-05 17:34:31 Info: app-layer-ftp: Parsed disabled for ftp protocol. Protocol detectionstill on.
[1 - Suricata-Main] 2025-06-05 17:34:31 Info: app-layer-smtp: Protocol detection and parser disabled for smtp protocol.
[1 - Suricata-Main] 2025-06-05 17:34:31 Info: suricata: No 'host-mode': suricata is in IDS mode, using default setting 'sniffer-only'
[1 - Suricata-Main] 2025-06-05 17:34:31 Info: logopenfile: eve-log output device (regular) initialized: /var/log/suricata/eve.json
[1 - Suricata-Main] 2025-06-05 17:34:31 Info: detect: 1 rule files processed. 11 rules successfully loaded, 0 rules failed, 0
[1 - Suricata-Main] 2025-06-05 17:34:31 Info: threshold-config: Threshold config parsed: 0 rule(s) found
[1 - Suricata-Main] 2025-06-05 17:34:31 Info: detect: 11 signatures processed. 1 are IP-only rules, 2 are inspecting packet payload, 1 inspect application layer, 0 are decoder event only
[1 - Suricata-Main] 2025-06-05 17:34:31 Warning: detect: rule 1000011: SYN-only to port(s) 80:80 w/o direction specified, disabling for toclient direction
[1 - Suricata-Main] 2025-06-05 17:34:31 Info: runmodes: eth0: creating 4 threads
[7 - W#01-eth0] 2025-06-05 17:34:31 Info: ioctl: eth0: MTU 1500
[8 - W#02-eth0] 2025-06-05 17:34:31 Info: ioctl: eth0: MTU 1500
[9 - W#03-eth0] 2025-06-05 17:34:31 Info: ioctl: eth0: MTU 1500
[10 - W#04-eth0] 2025-06-05 17:34:31 Info: ioctl: eth0: MTU 1500
[1 - Suricata-Main] 2025-06-05 17:34:31 Notice: threads: Threads created -> W: 4 FM: 1 FR: 1   Engine started.
[1 - Suricata-Main] 2025-06-05 17:40:34 Notice: suricata: Signal Received.  Stopping engine.
[1 - Suricata-Main] 2025-06-05 17:40:35 Info: suricata: time elapsed 363.905s
[1 - Suricata-Main] 2025-06-05 17:40:36 Notice: device: eth0: packets: 16887, drops: 8 (0.05%), invalid chksum: 0
[1 - Suricata-Main] 2025-06-05 17:41:12 Notice: suricata: This is Suricata version 7.0.10 RELEASE running in SYSTEM mode
[1 - Suricata-Main] 2025-06-05 17:41:12 Info: cpu: CPUs/cores online: 4
[1 - Suricata-Main] 2025-06-05 17:41:12 Info: suricata: Setting engine mode to IDS mode by default
[1 - Suricata-Main] 2025-06-05 17:41:12 Info: app-layer-ftp: Parsed disabled for ftp protocol. Protocol detectionstill on.
[1 - Suricata-Main] 2025-06-05 17:41:12 Info: app-layer-smtp: Protocol detection and parser disabled for smtp protocol.
[1 - Suricata-Main] 2025-06-05 17:41:12 Info: suricata: No 'host-mode': suricata is in IDS mode, using default setting 'sniffer-only'
[1 - Suricata-Main] 2025-06-05 17:41:12 Info: logopenfile: eve-log output device (regular) initialized: /var/log/suricata/eve.json
[1 - Suricata-Main] 2025-06-05 17:41:12 Info: detect: 1 rule files processed. 11 rules successfully loaded, 0 rules failed, 0
[1 - Suricata-Main] 2025-06-05 17:41:12 Info: threshold-config: Threshold config parsed: 0 rule(s) found
[1 - Suricata-Main] 2025-06-05 17:41:12 Info: detect: 11 signatures processed. 1 are IP-only rules, 2 are inspecting packet payload, 1 inspect application layer, 0 are decoder event only
[1 - Suricata-Main] 2025-06-05 17:41:12 Warning: detect: rule 1000011: SYN-only to port(s) 80:80 w/o direction specified, disabling for toclient direction
[1 - Suricata-Main] 2025-06-05 17:41:12 Info: runmodes: eth0: creating 4 threads
[7 - W#01-eth0] 2025-06-05 17:41:12 Info: ioctl: eth0: MTU 1500
[8 - W#02-eth0] 2025-06-05 17:41:12 Info: ioctl: eth0: MTU 1500
[9 - W#03-eth0] 2025-06-05 17:41:12 Info: ioctl: eth0: MTU 1500
[10 - W#04-eth0] 2025-06-05 17:41:12 Info: ioctl: eth0: MTU 1500
[1 - Suricata-Main] 2025-06-05 17:41:12 Notice: threads: Threads created -> W: 4 FM: 1 FR: 1   Engine started.
[1 - Suricata-Main] 2025-06-05 18:03:41 Notice: suricata: Signal Received.  Stopping engine.
[1 - Suricata-Main] 2025-06-05 18:03:41 Info: suricata: time elapsed 1348.848s
[1 - Suricata-Main] 2025-06-05 18:03:42 Notice: device: eth0: packets: 34892, drops: 0 (0.00%), invalid chksum: 0
[1 - Suricata-Main] 2025-06-05 18:03:51 Notice: suricata: This is Suricata version 7.0.10 RELEASE running in SYSTEM mode
[1 - Suricata-Main] 2025-06-05 18:03:51 Info: cpu: CPUs/cores online: 4
[1 - Suricata-Main] 2025-06-05 18:03:51 Info: suricata: Setting engine mode to IDS mode by default
[1 - Suricata-Main] 2025-06-05 18:03:51 Info: app-layer-ftp: Parsed disabled for ftp protocol. Protocol detectionstill on.
[1 - Suricata-Main] 2025-06-05 18:03:51 Info: app-layer-smtp: Protocol detection and parser disabled for smtp protocol.
[1 - Suricata-Main] 2025-06-05 18:03:51 Info: suricata: No 'host-mode': suricata is in IDS mode, using default setting 'sniffer-only'
[1 - Suricata-Main] 2025-06-05 18:03:51 Info: logopenfile: eve-log output device (regular) initialized: /var/log/suricata/eve.json
[1 - Suricata-Main] 2025-06-05 18:03:51 Info: detect: 1 rule files processed. 11 rules successfully loaded, 0 rules failed, 0
[1 - Suricata-Main] 2025-06-05 18:03:51 Info: threshold-config: Threshold config parsed: 0 rule(s) found
[1 - Suricata-Main] 2025-06-05 18:03:51 Info: detect: 11 signatures processed. 1 are IP-only rules, 2 are inspecting packet payload, 1 inspect application layer, 0 are decoder event only
[1 - Suricata-Main] 2025-06-05 18:03:51 Warning: detect: rule 1000011: SYN-only to port(s) 80:80 w/o direction specified, disabling for toclient direction
[1 - Suricata-Main] 2025-06-05 18:03:51 Info: runmodes: eth0: creating 4 threads
[6 - W#01-eth0] 2025-06-05 18:03:51 Info: ioctl: eth0: MTU 1500
[7 - W#02-eth0] 2025-06-05 18:03:51 Info: ioctl: eth0: MTU 1500
[8 - W#03-eth0] 2025-06-05 18:03:51 Info: ioctl: eth0: MTU 1500
[9 - W#04-eth0] 2025-06-05 18:03:51 Info: ioctl: eth0: MTU 1500
[1 - Suricata-Main] 2025-06-05 18:03:51 Notice: threads: Threads created -> W: 4 FM: 1 FR: 1   Engine started.
[1 - Suricata-Main] 2025-06-05 18:07:31 Notice: suricata: This is Suricata version 7.0.10 RELEASE running in SYSTEM mode
[1 - Suricata-Main] 2025-06-05 18:07:31 Info: cpu: CPUs/cores online: 4
[1 - Suricata-Main] 2025-06-05 18:07:31 Info: suricata: Setting engine mode to IDS mode by default
[1 - Suricata-Main] 2025-06-05 18:07:31 Info: app-layer-ftp: Parsed disabled for ftp protocol. Protocol detectionstill on.
[1 - Suricata-Main] 2025-06-05 18:07:31 Info: app-layer-smtp: Protocol detection and parser disabled for smtp protocol.
[1 - Suricata-Main] 2025-06-05 18:07:31 Info: suricata: No 'host-mode': suricata is in IDS mode, using default setting 'sniffer-only'
[1 - Suricata-Main] 2025-06-05 18:07:31 Info: logopenfile: eve-log output device (regular) initialized: /var/log/suricata/eve.json
[1 - Suricata-Main] 2025-06-05 18:07:31 Info: detect: 1 rule files processed. 11 rules successfully loaded, 0 rules failed, 0
[1 - Suricata-Main] 2025-06-05 18:07:31 Info: threshold-config: Threshold config parsed: 0 rule(s) found
[1 - Suricata-Main] 2025-06-05 18:07:31 Info: detect: 11 signatures processed. 1 are IP-only rules, 2 are inspecting packet payload, 1 inspect application layer, 0 are decoder event only
[1 - Suricata-Main] 2025-06-05 18:07:31 Warning: detect: rule 1000011: SYN-only to port(s) 80:80 w/o direction specified, disabling for toclient direction
[1 - Suricata-Main] 2025-06-05 18:07:31 Info: runmodes: eth0: creating 4 threads
[7 - W#01-eth0] 2025-06-05 18:07:31 Info: ioctl: eth0: MTU 1500
[8 - W#02-eth0] 2025-06-05 18:07:31 Info: ioctl: eth0: MTU 1500
[9 - W#03-eth0] 2025-06-05 18:07:31 Info: ioctl: eth0: MTU 1500
[10 - W#04-eth0] 2025-06-05 18:07:31 Info: ioctl: eth0: MTU 1500
[1 - Suricata-Main] 2025-06-05 18:07:32 Notice: threads: Threads created -> W: 4 FM: 1 FR: 1   Engine started.
[1 - Suricata-Main] 2025-06-05 18:12:40 Notice: suricata: Signal Received.  Stopping engine.
[1 - Suricata-Main] 2025-06-05 18:12:41 Info: suricata: time elapsed 310.158s
[1 - Suricata-Main] 2025-06-05 18:12:42 Notice: device: eth0: packets: 164807, drops: 2007 (1.22%), invalid chksum: 0
[1 - Suricata-Main] 2025-06-05 18:12:43 Notice: suricata: This is Suricata version 7.0.10 RELEASE running in SYSTEM mode
[1 - Suricata-Main] 2025-06-05 18:12:43 Info: cpu: CPUs/cores online: 4
[1 - Suricata-Main] 2025-06-05 18:12:43 Info: suricata: Setting engine mode to IDS mode by default
[1 - Suricata-Main] 2025-06-05 18:12:43 Info: app-layer-ftp: Parsed disabled for ftp protocol. Protocol detectionstill on.
[1 - Suricata-Main] 2025-06-05 18:12:43 Info: app-layer-smtp: Protocol detection and parser disabled for smtp protocol.
[1 - Suricata-Main] 2025-06-05 18:12:43 Info: suricata: No 'host-mode': suricata is in IDS mode, using default setting 'sniffer-only'
[1 - Suricata-Main] 2025-06-05 18:12:43 Info: logopenfile: eve-log output device (regular) initialized: /var/log/suricata/eve.json
[1 - Suricata-Main] 2025-06-05 18:12:43 Info: detect: 1 rule files processed. 11 rules successfully loaded, 0 rules failed, 0
[1 - Suricata-Main] 2025-06-05 18:12:43 Info: threshold-config: Threshold config parsed: 0 rule(s) found
[1 - Suricata-Main] 2025-06-05 18:12:43 Info: detect: 11 signatures processed. 1 are IP-only rules, 2 are inspecting packet payload, 1 inspect application layer, 0 are decoder event only
[1 - Suricata-Main] 2025-06-05 18:12:43 Warning: detect: rule 1000011: SYN-only to port(s) 80:80 w/o direction specified, disabling for toclient direction
[1 - Suricata-Main] 2025-06-05 18:12:43 Info: runmodes: eth0: creating 4 threads
[7 - W#01-eth0] 2025-06-05 18:12:43 Info: ioctl: eth0: MTU 1500
[8 - W#02-eth0] 2025-06-05 18:12:43 Info: ioctl: eth0: MTU 1500
[9 - W#03-eth0] 2025-06-05 18:12:43 Info: ioctl: eth0: MTU 1500
[10 - W#04-eth0] 2025-06-05 18:12:43 Info: ioctl: eth0: MTU 1500
[1 - Suricata-Main] 2025-06-05 18:12:44 Notice: threads: Threads created -> W: 4 FM: 1 FR: 1   Engine started.
[1 - Suricata-Main] 2025-06-05 18:14:09 Notice: suricata: Signal Received.  Stopping engine.
[1 - Suricata-Main] 2025-06-05 18:14:09 Info: suricata: time elapsed 86.315s
[1 - Suricata-Main] 2025-06-05 18:14:11 Notice: device: eth0: packets: 79728, drops: 2602 (3.26%), invalid chksum: 0
[1 - Suricata-Main] 2025-06-05 18:14:12 Notice: suricata: This is Suricata version 7.0.10 RELEASE running in SYSTEM mode
[1 - Suricata-Main] 2025-06-05 18:14:12 Info: cpu: CPUs/cores online: 4
[1 - Suricata-Main] 2025-06-05 18:14:12 Info: suricata: Setting engine mode to IDS mode by default
[1 - Suricata-Main] 2025-06-05 18:14:12 Info: app-layer-ftp: Parsed disabled for ftp protocol. Protocol detectionstill on.
[1 - Suricata-Main] 2025-06-05 18:14:12 Info: app-layer-smtp: Protocol detection and parser disabled for smtp protocol.
[1 - Suricata-Main] 2025-06-05 18:14:12 Info: suricata: No 'host-mode': suricata is in IDS mode, using default setting 'sniffer-only'
[1 - Suricata-Main] 2025-06-05 18:14:12 Info: logopenfile: eve-log output device (regular) initialized: /var/log/suricata/eve.json
[1 - Suricata-Main] 2025-06-05 18:14:12 Info: detect: 1 rule files processed. 10 rules successfully loaded, 0 rules failed, 0
[1 - Suricata-Main] 2025-06-05 18:14:12 Info: threshold-config: Threshold config parsed: 0 rule(s) found
[1 - Suricata-Main] 2025-06-05 18:14:12 Info: detect: 10 signatures processed. 1 are IP-only rules, 2 are inspecting packet payload, 1 inspect application layer, 0 are decoder event only
[1 - Suricata-Main] 2025-06-05 18:14:12 Info: runmodes: eth0: creating 4 threads
[7 - W#01-eth0] 2025-06-05 18:14:12 Info: ioctl: eth0: MTU 1500
[8 - W#02-eth0] 2025-06-05 18:14:12 Info: ioctl: eth0: MTU 1500
[9 - W#03-eth0] 2025-06-05 18:14:12 Info: ioctl: eth0: MTU 1500
[10 - W#04-eth0] 2025-06-05 18:14:12 Info: ioctl: eth0: MTU 1500
[1 - Suricata-Main] 2025-06-05 18:14:12 Notice: threads: Threads created -> W: 4 FM: 1 FR: 1   Engine started.
[1 - Suricata-Main] 2025-06-05 18:15:51 Notice: suricata: Signal Received.  Stopping engine.
[1 - Suricata-Main] 2025-06-05 18:15:51 Info: suricata: time elapsed 99.795s
[1 - Suricata-Main] 2025-06-05 18:15:53 Notice: device: eth0: packets: 114524, drops: 2494 (2.18%), invalid chksum: 0
[1 - Suricata-Main] 2025-06-05 18:15:54 Notice: suricata: This is Suricata version 7.0.10 RELEASE running in SYSTEM mode
[1 - Suricata-Main] 2025-06-05 18:15:54 Info: cpu: CPUs/cores online: 4
[1 - Suricata-Main] 2025-06-05 18:15:54 Info: suricata: Setting engine mode to IDS mode by default
[1 - Suricata-Main] 2025-06-05 18:15:54 Info: app-layer-ftp: Parsed disabled for ftp protocol. Protocol detectionstill on.
[1 - Suricata-Main] 2025-06-05 18:15:54 Info: app-layer-smtp: Protocol detection and parser disabled for smtp protocol.
[1 - Suricata-Main] 2025-06-05 18:15:54 Info: suricata: No 'host-mode': suricata is in IDS mode, using default setting 'sniffer-only'
[1 - Suricata-Main] 2025-06-05 18:15:54 Info: logopenfile: eve-log output device (regular) initialized: /var/log/suricata/eve.json
[1 - Suricata-Main] 2025-06-05 18:15:54 Info: detect: 1 rule files processed. 11 rules successfully loaded, 0 rules failed, 0
[1 - Suricata-Main] 2025-06-05 18:15:54 Info: threshold-config: Threshold config parsed: 0 rule(s) found
[1 - Suricata-Main] 2025-06-05 18:15:54 Info: detect: 11 signatures processed. 1 are IP-only rules, 2 are inspecting packet payload, 1 inspect application layer, 0 are decoder event only
[1 - Suricata-Main] 2025-06-05 18:15:54 Warning: detect: rule 1000011: SYN-only to port(s) 80:80 w/o direction specified, disabling for toclient direction
[1 - Suricata-Main] 2025-06-05 18:15:54 Info: runmodes: eth0: creating 4 threads
[7 - W#01-eth0] 2025-06-05 18:15:54 Info: ioctl: eth0: MTU 1500
[8 - W#02-eth0] 2025-06-05 18:15:54 Info: ioctl: eth0: MTU 1500
[9 - W#03-eth0] 2025-06-05 18:15:54 Info: ioctl: eth0: MTU 1500
[10 - W#04-eth0] 2025-06-05 18:15:54 Info: ioctl: eth0: MTU 1500
[1 - Suricata-Main] 2025-06-05 18:15:54 Notice: threads: Threads created -> W: 4 FM: 1 FR: 1   Engine started.
[1 - Suricata-Main] 2025-06-05 18:16:59 Notice: suricata: Signal Received.  Stopping engine.
[1 - Suricata-Main] 2025-06-05 18:17:00 Info: suricata: time elapsed 65.821s
[1 - Suricata-Main] 2025-06-05 18:17:01 Notice: device: eth0: packets: 25867, drops: 0 (0.00%), invalid chksum: 0
[1 - Suricata-Main] 2025-06-05 18:17:02 Notice: suricata: This is Suricata version 7.0.10 RELEASE running in SYSTEM mode
[1 - Suricata-Main] 2025-06-05 18:17:02 Info: cpu: CPUs/cores online: 4
[1 - Suricata-Main] 2025-06-05 18:17:02 Info: suricata: Setting engine mode to IDS mode by default
[1 - Suricata-Main] 2025-06-05 18:17:02 Info: app-layer-ftp: Parsed disabled for ftp protocol. Protocol detectionstill on.
[1 - Suricata-Main] 2025-06-05 18:17:02 Info: app-layer-smtp: Protocol detection and parser disabled for smtp protocol.
[1 - Suricata-Main] 2025-06-05 18:17:02 Info: suricata: No 'host-mode': suricata is in IDS mode, using default setting 'sniffer-only'
[1 - Suricata-Main] 2025-06-05 18:17:02 Info: logopenfile: eve-log output device (regular) initialized: /var/log/suricata/eve.json
[1 - Suricata-Main] 2025-06-05 18:17:02 Info: detect: 1 rule files processed. 11 rules successfully loaded, 0 rules failed, 0
[1 - Suricata-Main] 2025-06-05 18:17:02 Info: threshold-config: Threshold config parsed: 0 rule(s) found
[1 - Suricata-Main] 2025-06-05 18:17:02 Info: detect: 11 signatures processed. 1 are IP-only rules, 2 are inspecting packet payload, 1 inspect application layer, 0 are decoder event only
[1 - Suricata-Main] 2025-06-05 18:17:02 Warning: detect: rule 1000011: SYN-only to port(s) 80:80 w/o direction specified, disabling for toclient direction
[1 - Suricata-Main] 2025-06-05 18:17:02 Info: runmodes: eth0: creating 4 threads
[8 - W#01-eth0] 2025-06-05 18:17:02 Info: ioctl: eth0: MTU 1500
[9 - W#02-eth0] 2025-06-05 18:17:02 Info: ioctl: eth0: MTU 1500
[10 - W#03-eth0] 2025-06-05 18:17:02 Info: ioctl: eth0: MTU 1500
[11 - W#04-eth0] 2025-06-05 18:17:02 Info: ioctl: eth0: MTU 1500
[1 - Suricata-Main] 2025-06-05 18:17:02 Notice: threads: Threads created -> W: 4 FM: 1 FR: 1   Engine started.
[1 - Suricata-Main] 2025-06-05 18:20:10 Notice: suricata: This is Suricata version 7.0.10 RELEASE running in SYSTEM mode
[1 - Suricata-Main] 2025-06-05 18:20:10 Info: cpu: CPUs/cores online: 4
[1 - Suricata-Main] 2025-06-05 18:20:10 Info: suricata: Setting engine mode to IDS mode by default
[1 - Suricata-Main] 2025-06-05 18:20:10 Info: app-layer-ftp: Parsed disabled for ftp protocol. Protocol detectionstill on.
[1 - Suricata-Main] 2025-06-05 18:20:10 Info: app-layer-smtp: Protocol detection and parser disabled for smtp protocol.
[1 - Suricata-Main] 2025-06-05 18:20:10 Info: suricata: No 'host-mode': suricata is in IDS mode, using default setting 'sniffer-only'
[1 - Suricata-Main] 2025-06-05 18:20:10 Info: logopenfile: eve-log output device (regular) initialized: /var/log/suricata/eve.json
[1 - Suricata-Main] 2025-06-05 18:20:10 Info: detect: 1 rule files processed. 11 rules successfully loaded, 0 rules failed, 0
[1 - Suricata-Main] 2025-06-05 18:20:10 Info: threshold-config: Threshold config parsed: 0 rule(s) found
[1 - Suricata-Main] 2025-06-05 18:20:10 Info: detect: 11 signatures processed. 1 are IP-only rules, 2 are inspecting packet payload, 1 inspect application layer, 0 are decoder event only
[1 - Suricata-Main] 2025-06-05 18:20:10 Warning: detect: rule 1000011: SYN-only to port(s) 80:80 w/o direction specified, disabling for toclient direction
[1 - Suricata-Main] 2025-06-05 18:20:10 Info: runmodes: eth0: creating 4 threads
[7 - W#01-eth0] 2025-06-05 18:20:10 Info: ioctl: eth0: MTU 1500
[8 - W#02-eth0] 2025-06-05 18:20:10 Info: ioctl: eth0: MTU 1500
[9 - W#03-eth0] 2025-06-05 18:20:10 Info: ioctl: eth0: MTU 1500
[10 - W#04-eth0] 2025-06-05 18:20:11 Info: ioctl: eth0: MTU 1500
[1 - Suricata-Main] 2025-06-05 18:20:11 Notice: threads: Threads created -> W: 4 FM: 1 FR: 1   Engine started.
